<?xml version="1.0" encoding="UTF-8"?>
<testng-results ignored="0" total="3" passed="2" failed="1" skipped="0">
  <reporter-output>
  </reporter-output>
  <suite started-at="2024-03-15T15:54:13 IST" name="Suite" finished-at="2024-03-15T15:54:34 IST" duration-ms="21479">
    <groups>
    </groups>
    <test started-at="2024-03-15T15:54:13 IST" name="Test" finished-at="2024-03-15T15:54:34 IST" duration-ms="21479">
      <class name="com.cs.tests.OrangeHRMTests">
        <test-method is-config="true" signature="setUp()[pri:0, instance:com.cs.tests.OrangeHRMTests@443118b0]" started-at="2024-03-15T15:54:13 IST" name="setUp" finished-at="2024-03-15T15:54:21 IST" duration-ms="8371" status="PASS">
          <reporter-output>
          </reporter-output>
        </test-method> <!-- setUp -->
        <test-method is-config="true" signature="setUp()[pri:0, instance:com.cs.tests.OrangeHRMTests@443118b0]" started-at="2024-03-15T15:54:13 IST" name="setUp" finished-at="2024-03-15T15:54:23 IST" duration-ms="9809" status="PASS">
          <reporter-output>
          </reporter-output>
        </test-method> <!-- setUp -->
        <test-method signature="loginLogoutTest(java.lang.String,java.lang.String)[pri:0, instance:com.cs.tests.OrangeHRMTests@443118b0]" started-at="2024-03-15T15:54:21 IST" name="loginLogoutTest" data-provider="LoginTestData" finished-at="2024-03-15T15:54:27 IST" duration-ms="6212" status="PASS">
          <params>
            <param index="0">
              <value>
                <![CDATA[Admin]]>
              </value>
            </param>
            <param index="1">
              <value>
                <![CDATA[admin123]]>
              </value>
            </param>
          </params>
          <reporter-output>
          </reporter-output>
        </test-method> <!-- loginLogoutTest -->
        <test-method signature="loginLogoutTest(java.lang.String,java.lang.String)[pri:0, instance:com.cs.tests.OrangeHRMTests@443118b0]" started-at="2024-03-15T15:54:23 IST" name="loginLogoutTest" data-provider="LoginTestData" finished-at="2024-03-15T15:54:31 IST" duration-ms="8051" status="FAIL">
          <params>
            <param index="0">
              <value>
                <![CDATA[Admin]]>
              </value>
            </param>
            <param index="1">
              <value>
                <![CDATA[admin123456]]>
              </value>
            </param>
          </params>
          <exception class="org.openqa.selenium.TimeoutException">
            <message>
              <![CDATA[Expected condition failed: waiting for element to be clickable: By.xpath: //*[@id='app']//span/img (tried for 5 second(s) with 500 milliseconds interval)
Build info: version: '4.16.1', revision: '9b4c83354e'
System info: os.name: 'Windows 10', os.arch: 'amd64', os.version: '10.0', java.version: '20.0.1'
Driver info: org.openqa.selenium.chrome.ChromeDriver
Capabilities {acceptInsecureCerts: false, browserName: chrome, browserVersion: 122.0.6261.129, chrome: {chromedriverVersion: 122.0.6261.128 (f18a44fedeb..., userDataDir: C:\Windows\SystemTemp\scope...}, fedcm:accounts: true, goog:chromeOptions: {debuggerAddress: localhost:51448}, networkConnectionEnabled: false, pageLoadStrategy: normal, platformName: windows, proxy: Proxy(), se:cdp: ws://localhost:51448/devtoo..., se:cdpVersion: 122.0.6261.129, setWindowRect: true, strictFileInteractability: false, timeouts: {implicit: 0, pageLoad: 300000, script: 30000}, unhandledPromptBehavior: dismiss and notify, webauthn:extension:credBlob: true, webauthn:extension:largeBlob: true, webauthn:extension:minPinLength: true, webauthn:extension:prf: true, webauthn:virtualAuthenticators: true}
Session ID: 24bf5d7c32c2d8d2a64f50e5914ab5f4]]>
            </message>
            <full-stacktrace>
              <![CDATA[org.openqa.selenium.TimeoutException: Expected condition failed: waiting for element to be clickable: By.xpath: //*[@id='app']//span/img (tried for 5 second(s) with 500 milliseconds interval)
Build info: version: '4.16.1', revision: '9b4c83354e'
System info: os.name: 'Windows 10', os.arch: 'amd64', os.version: '10.0', java.version: '20.0.1'
Driver info: org.openqa.selenium.chrome.ChromeDriver
Capabilities {acceptInsecureCerts: false, browserName: chrome, browserVersion: 122.0.6261.129, chrome: {chromedriverVersion: 122.0.6261.128 (f18a44fedeb..., userDataDir: C:\Windows\SystemTemp\scope...}, fedcm:accounts: true, goog:chromeOptions: {debuggerAddress: localhost:51448}, networkConnectionEnabled: false, pageLoadStrategy: normal, platformName: windows, proxy: Proxy(), se:cdp: ws://localhost:51448/devtoo..., se:cdpVersion: 122.0.6261.129, setWindowRect: true, strictFileInteractability: false, timeouts: {implicit: 0, pageLoad: 300000, script: 30000}, unhandledPromptBehavior: dismiss and notify, webauthn:extension:credBlob: true, webauthn:extension:largeBlob: true, webauthn:extension:minPinLength: true, webauthn:extension:prf: true, webauthn:virtualAuthenticators: true}
Session ID: 24bf5d7c32c2d8d2a64f50e5914ab5f4
at org.openqa.selenium.support.ui.WebDriverWait.timeoutException(WebDriverWait.java:84)
at org.openqa.selenium.support.ui.FluentWait.until(FluentWait.java:229)
at com.cs.factories.ExplicitWaitFactory.performExplicitWait(ExplicitWaitFactory.java:21)
at com.cs.pages.BasePage.click(BasePage.java:20)
at com.cs.pages.OrangeHRMHomepage.clickOnProfilePicArrow(OrangeHRMHomepage.java:23)
at com.cs.tests.OrangeHRMTests.loginLogoutTest(OrangeHRMTests.java:25)
at java.base/jdk.internal.reflect.DirectMethodHandleAccessor.invoke(DirectMethodHandleAccessor.java:104)
at java.base/java.lang.reflect.Method.invoke(Method.java:578)
at org.testng.internal.invokers.MethodInvocationHelper.invokeMethod(MethodInvocationHelper.java:139)
at org.testng.internal.invokers.TestInvoker.invokeMethod(TestInvoker.java:664)
at org.testng.internal.invokers.TestInvoker.invokeTestMethod(TestInvoker.java:227)
at org.testng.internal.invokers.TestMethodWithDataProviderMethodWorker.call(TestMethodWithDataProviderMethodWorker.java:80)
at org.testng.internal.invokers.TestMethodWithDataProviderMethodWorker.call(TestMethodWithDataProviderMethodWorker.java:17)
at java.base/java.util.concurrent.FutureTask.run(FutureTask.java:317)
at java.base/java.util.concurrent.Executors$RunnableAdapter.call(Executors.java:577)
at java.base/java.util.concurrent.FutureTask.run(FutureTask.java:317)
at java.base/java.util.concurrent.ThreadPoolExecutor.runWorker(ThreadPoolExecutor.java:1144)
at java.base/java.util.concurrent.ThreadPoolExecutor$Worker.run(ThreadPoolExecutor.java:642)
at java.base/java.lang.Thread.run(Thread.java:1623)
]]>
            </full-stacktrace>
          </exception> <!-- org.openqa.selenium.TimeoutException -->
          <reporter-output>
          </reporter-output>
        </test-method> <!-- loginLogoutTest -->
        <test-method is-config="true" signature="tearDown()[pri:0, instance:com.cs.tests.OrangeHRMTests@443118b0]" started-at="2024-03-15T15:54:27 IST" name="tearDown" finished-at="2024-03-15T15:54:28 IST" duration-ms="1065" status="PASS">
          <reporter-output>
          </reporter-output>
        </test-method> <!-- tearDown -->
        <test-method is-config="true" signature="tearDown()[pri:0, instance:com.cs.tests.OrangeHRMTests@443118b0]" started-at="2024-03-15T15:54:33 IST" name="tearDown" finished-at="2024-03-15T15:54:33 IST" duration-ms="306" status="PASS">
          <reporter-output>
          </reporter-output>
        </test-method> <!-- tearDown -->
      </class> <!-- com.cs.tests.OrangeHRMTests -->
      <class name="com.cs.tests.CustomerTests">
        <test-method is-config="true" signature="setUp()[pri:0, instance:com.cs.tests.CustomerTests@351d00c0]" started-at="2024-03-15T15:54:13 IST" name="setUp" finished-at="2024-03-15T15:54:22 IST" duration-ms="9195" status="PASS">
          <reporter-output>
          </reporter-output>
        </test-method> <!-- setUp -->
        <test-method signature="addCustomerTest()[pri:0, instance:com.cs.tests.CustomerTests@351d00c0]" started-at="2024-03-15T15:54:22 IST" name="addCustomerTest" finished-at="2024-03-15T15:54:34 IST" duration-ms="12165" status="PASS">
          <reporter-output>
          </reporter-output>
        </test-method> <!-- addCustomerTest -->
        <test-method is-config="true" signature="tearDown()[pri:0, instance:com.cs.tests.CustomerTests@351d00c0]" started-at="2024-03-15T15:54:34 IST" name="tearDown" finished-at="2024-03-15T15:54:34 IST" duration-ms="92" status="PASS">
          <reporter-output>
          </reporter-output>
        </test-method> <!-- tearDown -->
      </class> <!-- com.cs.tests.CustomerTests -->
    </test> <!-- Test -->
  </suite> <!-- Suite -->
</testng-results>
